0 info it worked if it ends with ok
1 verbose cli [ 'D:\\Program Files\\nodejs\\node.exe',
1 verbose cli   'D:\\Program Files\\nodejs\\node_modules\\npm\\bin\\npm-cli.js',
1 verbose cli   'run',
1 verbose cli   'start2' ]
2 info using npm@3.10.10
3 info using node@v6.10.2
4 verbose run-script [ 'prestart2', 'start2', 'poststart2' ]
5 info lifecycle blog@0.0.0~prestart2: blog@0.0.0
6 silly lifecycle blog@0.0.0~prestart2: no script for prestart2, continuing
7 info lifecycle blog@0.0.0~start2: blog@0.0.0
8 verbose lifecycle blog@0.0.0~start2: unsafe-perm in lifecycle true
9 verbose lifecycle blog@0.0.0~start2: PATH: D:\Program Files\nodejs\node_modules\npm\bin\node-gyp-bin;C:\Users\ZTX\Documents\GitHub\node\node-2\node_modules\.bin;C:\Windows\system32;C:\Windows;C:\Windows\System32\Wbem;C:\Windows\System32\WindowsPowerShell\v1.0\;C:\Program Files (x86)\AMD\ATI.ACE\Core-Static;D:\Program Files\TortoiseSVN\bin;C:\Users\ZTX\AppData\Local\GitHub\PortableGit_f02737a78695063deace08e96d5042710d3e32db\cmd\;D:\Program Files\nodejs\;D:\Microsoft VS Code\bin;C:\Users\ZTX\AppData\Roaming\npm;D:\Program Files\mongodb\bin
10 verbose lifecycle blog@0.0.0~start2: CWD: C:\Users\ZTX\Documents\GitHub\node\node-2
11 silly lifecycle blog@0.0.0~start2: Args: [ '/d /s /c', 'supervisor ./bin/www' ]
12 verbose stack Error: kill ENOSYS
12 verbose stack     at exports._errnoException (util.js:1018:11)
12 verbose stack     at process.kill (internal/process.js:190:13)
12 verbose stack     at process.listener (D:\Program Files\nodejs\node_modules\npm\node_modules\npmlog\node_modules\gauge\node_modules\signal-exit\index.js:86:15)
12 verbose stack     at emitNone (events.js:91:20)
12 verbose stack     at process.emit (events.js:185:7)
12 verbose stack     at processEmit (D:\Program Files\nodejs\node_modules\npm\node_modules\npmlog\node_modules\gauge\node_modules\signal-exit\index.js:146:32)
12 verbose stack     at processEmit (D:\Program Files\nodejs\node_modules\npm\node_modules\npm-registry-client\node_modules\npmlog\node_modules\gauge\node_modules\signal-exit\index.js:146:32)
12 verbose stack     at Signal.wrap.onsignal (internal/process.js:217:44)
13 verbose cwd C:\Users\ZTX\Documents\GitHub\node\node-2
14 error Windows_NT 6.1.7601
15 error argv "D:\\Program Files\\nodejs\\node.exe" "D:\\Program Files\\nodejs\\node_modules\\npm\\bin\\npm-cli.js" "run" "start2"
16 error node v6.10.2
17 error npm  v3.10.10
18 error code ENOSYS
19 error errno ENOSYS
20 error syscall kill
21 error kill ENOSYS
22 error If you need help, you may report this error at:
22 error     <https://github.com/npm/npm/issues>
23 verbose exit [ 1, true ]
